<?xml version="1.0" encoding="UTF-8"?>
<testsuite name="com.app.server.service.salesboundedcontext.sales.CategoryTestCase" tests="5" skipped="0" failures="0" errors="0" timestamp="2016-04-13T10:40:48" hostname="1671c6e898ab" time="0.051">
  <properties/>
  <testcase name="test1Save" classname="com.app.server.service.salesboundedcontext.sales.CategoryTestCase" time="0.021"/>
  <testcase name="test2Update" classname="com.app.server.service.salesboundedcontext.sales.CategoryTestCase" time="0.011"/>
  <testcase name="test3FindById" classname="com.app.server.service.salesboundedcontext.sales.CategoryTestCase" time="0.003"/>
  <testcase name="test5NegativeTesting" classname="com.app.server.service.salesboundedcontext.sales.CategoryTestCase" time="0.007"/>
  <testcase name="test6Delete" classname="com.app.server.service.salesboundedcontext.sales.CategoryTestCase" time="0.007"/>
  <system-out><![CDATA[[EL Fine]: sql: 2016-04-13 10:40:48.963--ClientSession(1406906389)--Connection(230606299)--Thread(Thread[Test worker,5,main])--INSERT INTO ast_Category_M (categoryId, category, versionId, createdBy, createdDate, updatedBy, updatedDate, activeStatus, txnAccessCode) VALUES (?, ?, ?, ?, ?, ?, ?, ?, ?)
	bind => [93C4C6A2-B6B8-45B1-9808-007C738BE26A, 0c5ci85AeNsYuas69LgEwOPPERMsgDXUnxjESQVvhCk6RmW8cI, 1, AAAAA, 2016-04-13 10:40:48.961, null, 2016-04-13 10:40:48.961, 1, 51000]
[EL Fine]: sql: 2016-04-13 10:40:48.97--ClientSession(782059912)--Connection(230606299)--Thread(Thread[Test worker,5,main])--SELECT categoryId, category, versionId, createdBy, createdDate, updatedBy, updatedDate, activeStatus, txnAccessCode FROM ast_Category_M WHERE ((activeStatus = ?) AND (categoryId = ?))
	bind => [1, 93C4C6A2-B6B8-45B1-9808-007C738BE26A]
[EL Fine]: sql: 2016-04-13 10:40:48.973--ClientSession(978578509)--Connection(230606299)--Thread(Thread[Test worker,5,main])--SELECT categoryId, category, versionId, createdBy, createdDate, updatedBy, updatedDate, activeStatus, txnAccessCode FROM ast_Category_M WHERE (categoryId = ?)
	bind => [93C4C6A2-B6B8-45B1-9808-007C738BE26A]
[EL Fine]: sql: 2016-04-13 10:40:48.975--ClientSession(978578509)--Connection(230606299)--Thread(Thread[Test worker,5,main])--UPDATE ast_Category_M SET category = ?, updatedBy = ?, versionId = ? WHERE ((categoryId = ?) AND (versionId = ?))
	bind => [BgbAeMxtySTCjiJndE9kr8U4e68ZynYccuazN60VodRlPrssI1, AAAAA, 2, 93C4C6A2-B6B8-45B1-9808-007C738BE26A, 1]
[EL Fine]: sql: 2016-04-13 10:40:48.98--ClientSession(1259662582)--Connection(230606299)--Thread(Thread[Test worker,5,main])--SELECT categoryId, category, versionId, createdBy, createdDate, updatedBy, updatedDate, activeStatus, txnAccessCode FROM ast_Category_M WHERE ((activeStatus = ?) AND (categoryId = ?))
	bind => [1, 93C4C6A2-B6B8-45B1-9808-007C738BE26A]
[EL Fine]: sql: 2016-04-13 10:40:48.992--ClientSession(216767730)--Connection(230606299)--Thread(Thread[Test worker,5,main])--SELECT categoryId, category, versionId, createdBy, createdDate, updatedBy, updatedDate, activeStatus, txnAccessCode FROM ast_Category_M WHERE (categoryId = ?)
	bind => [93C4C6A2-B6B8-45B1-9808-007C738BE26A]
[EL Fine]: sql: 2016-04-13 10:40:48.993--ClientSession(216767730)--Connection(230606299)--Thread(Thread[Test worker,5,main])--DELETE FROM ast_Category_M WHERE ((categoryId = ?) AND (versionId = ?))
	bind => [93C4C6A2-B6B8-45B1-9808-007C738BE26A, 2]
]]></system-out>
  <system-err><![CDATA[com.app.shared.salesboundedcontext.sales.Category.category may not be null
com.athena.framework.server.exception.biz.SpartanConstraintViolationException: Exception in validating entity /com.app.shared.salesboundedcontext.sales.Category.category may not be null

	at com.athena.framework.server.helper.EntityValidatorHelper.validateEntity(EntityValidatorHelper.java:28)
	at com.app.shared.salesboundedcontext.sales.Category.isValid(Category.java:138)
	at com.app.server.service.salesboundedcontext.sales.CategoryTestCase.validateCategory(CategoryTestCase.java:170)
	at com.app.server.service.salesboundedcontext.sales.CategoryTestCase.test5NegativeTesting(CategoryTestCase.java:201)
	at sun.reflect.NativeMethodAccessorImpl.invoke0(Native Method)
	at sun.reflect.NativeMethodAccessorImpl.invoke(NativeMethodAccessorImpl.java:57)
	at sun.reflect.DelegatingMethodAccessorImpl.invoke(DelegatingMethodAccessorImpl.java:43)
	at java.lang.reflect.Method.invoke(Method.java:606)
	at org.junit.runners.model.FrameworkMethod$1.runReflectiveCall(FrameworkMethod.java:47)
	at org.junit.internal.runners.model.ReflectiveCallable.run(ReflectiveCallable.java:12)
	at org.junit.runners.model.FrameworkMethod.invokeExplosively(FrameworkMethod.java:44)
	at org.junit.internal.runners.statements.InvokeMethod.evaluate(InvokeMethod.java:17)
	at org.junit.internal.runners.statements.RunBefores.evaluate(RunBefores.java:26)
	at org.springframework.test.context.junit4.statements.RunBeforeTestMethodCallbacks.evaluate(RunBeforeTestMethodCallbacks.java:74)
	at org.junit.internal.runners.statements.RunAfters.evaluate(RunAfters.java:27)
	at org.springframework.test.context.junit4.statements.RunAfterTestMethodCallbacks.evaluate(RunAfterTestMethodCallbacks.java:83)
	at org.springframework.test.context.junit4.statements.SpringRepeat.evaluate(SpringRepeat.java:72)
	at org.springframework.test.context.junit4.SpringJUnit4ClassRunner.runChild(SpringJUnit4ClassRunner.java:233)
	at org.springframework.test.context.junit4.SpringJUnit4ClassRunner.runChild(SpringJUnit4ClassRunner.java:87)
	at org.junit.runners.ParentRunner$3.run(ParentRunner.java:238)
	at org.junit.runners.ParentRunner$1.schedule(ParentRunner.java:63)
	at org.junit.runners.ParentRunner.runChildren(ParentRunner.java:236)
	at org.junit.runners.ParentRunner.access$000(ParentRunner.java:53)
	at org.junit.runners.ParentRunner$2.evaluate(ParentRunner.java:229)
	at org.springframework.test.context.junit4.statements.RunBeforeTestClassCallbacks.evaluate(RunBeforeTestClassCallbacks.java:61)
	at org.springframework.test.context.junit4.statements.RunAfterTestClassCallbacks.evaluate(RunAfterTestClassCallbacks.java:71)
	at org.junit.runners.ParentRunner.run(ParentRunner.java:309)
	at org.springframework.test.context.junit4.SpringJUnit4ClassRunner.run(SpringJUnit4ClassRunner.java:176)
	at org.gradle.api.internal.tasks.testing.junit.JUnitTestClassExecuter.runTestClass(JUnitTestClassExecuter.java:86)
	at org.gradle.api.internal.tasks.testing.junit.JUnitTestClassExecuter.execute(JUnitTestClassExecuter.java:49)
	at org.gradle.api.internal.tasks.testing.junit.JUnitTestClassProcessor.processTestClass(JUnitTestClassProcessor.java:64)
	at org.gradle.api.internal.tasks.testing.SuiteTestClassProcessor.processTestClass(SuiteTestClassProcessor.java:50)
	at sun.reflect.NativeMethodAccessorImpl.invoke0(Native Method)
	at sun.reflect.NativeMethodAccessorImpl.invoke(NativeMethodAccessorImpl.java:57)
	at sun.reflect.DelegatingMethodAccessorImpl.invoke(DelegatingMethodAccessorImpl.java:43)
	at java.lang.reflect.Method.invoke(Method.java:606)
	at org.gradle.messaging.dispatch.ReflectionDispatch.dispatch(ReflectionDispatch.java:35)
	at org.gradle.messaging.dispatch.ReflectionDispatch.dispatch(ReflectionDispatch.java:24)
	at org.gradle.messaging.dispatch.ContextClassLoaderDispatch.dispatch(ContextClassLoaderDispatch.java:32)
	at org.gradle.messaging.dispatch.ProxyDispatchAdapter$DispatchingInvocationHandler.invoke(ProxyDispatchAdapter.java:93)
	at com.sun.proxy.$Proxy2.processTestClass(Unknown Source)
	at org.gradle.api.internal.tasks.testing.worker.TestWorker.processTestClass(TestWorker.java:106)
	at sun.reflect.NativeMethodAccessorImpl.invoke0(Native Method)
	at sun.reflect.NativeMethodAccessorImpl.invoke(NativeMethodAccessorImpl.java:57)
	at sun.reflect.DelegatingMethodAccessorImpl.invoke(DelegatingMethodAccessorImpl.java:43)
	at java.lang.reflect.Method.invoke(Method.java:606)
	at org.gradle.messaging.dispatch.ReflectionDispatch.dispatch(ReflectionDispatch.java:35)
	at org.gradle.messaging.dispatch.ReflectionDispatch.dispatch(ReflectionDispatch.java:24)
	at org.gradle.messaging.remote.internal.hub.MessageHub$Handler.run(MessageHub.java:360)
	at org.gradle.internal.concurrent.DefaultExecutorFactory$StoppableExecutorImpl$1.run(DefaultExecutorFactory.java:64)
	at java.util.concurrent.ThreadPoolExecutor.runWorker(ThreadPoolExecutor.java:1145)
	at java.util.concurrent.ThreadPoolExecutor$Worker.run(ThreadPoolExecutor.java:615)
	at java.lang.Thread.run(Thread.java:745)
com.app.shared.salesboundedcontext.sales.Category.category size must be between 0 and 64
com.athena.framework.server.exception.biz.SpartanConstraintViolationException: Exception in validating entity /com.app.shared.salesboundedcontext.sales.Category.category size must be between 0 and 64

	at com.athena.framework.server.helper.EntityValidatorHelper.validateEntity(EntityValidatorHelper.java:28)
	at com.app.shared.salesboundedcontext.sales.Category.isValid(Category.java:138)
	at com.app.server.service.salesboundedcontext.sales.CategoryTestCase.validateCategory(CategoryTestCase.java:168)
	at com.app.server.service.salesboundedcontext.sales.CategoryTestCase.test5NegativeTesting(CategoryTestCase.java:206)
	at sun.reflect.NativeMethodAccessorImpl.invoke0(Native Method)
	at sun.reflect.NativeMethodAccessorImpl.invoke(NativeMethodAccessorImpl.java:57)
	at sun.reflect.DelegatingMethodAccessorImpl.invoke(DelegatingMethodAccessorImpl.java:43)
	at java.lang.reflect.Method.invoke(Method.java:606)
	at org.junit.runners.model.FrameworkMethod$1.runReflectiveCall(FrameworkMethod.java:47)
	at org.junit.internal.runners.model.ReflectiveCallable.run(ReflectiveCallable.java:12)
	at org.junit.runners.model.FrameworkMethod.invokeExplosively(FrameworkMethod.java:44)
	at org.junit.internal.runners.statements.InvokeMethod.evaluate(InvokeMethod.java:17)
	at org.junit.internal.runners.statements.RunBefores.evaluate(RunBefores.java:26)
	at org.springframework.test.context.junit4.statements.RunBeforeTestMethodCallbacks.evaluate(RunBeforeTestMethodCallbacks.java:74)
	at org.junit.internal.runners.statements.RunAfters.evaluate(RunAfters.java:27)
	at org.springframework.test.context.junit4.statements.RunAfterTestMethodCallbacks.evaluate(RunAfterTestMethodCallbacks.java:83)
	at org.springframework.test.context.junit4.statements.SpringRepeat.evaluate(SpringRepeat.java:72)
	at org.springframework.test.context.junit4.SpringJUnit4ClassRunner.runChild(SpringJUnit4ClassRunner.java:233)
	at org.springframework.test.context.junit4.SpringJUnit4ClassRunner.runChild(SpringJUnit4ClassRunner.java:87)
	at org.junit.runners.ParentRunner$3.run(ParentRunner.java:238)
	at org.junit.runners.ParentRunner$1.schedule(ParentRunner.java:63)
	at org.junit.runners.ParentRunner.runChildren(ParentRunner.java:236)
	at org.junit.runners.ParentRunner.access$000(ParentRunner.java:53)
	at org.junit.runners.ParentRunner$2.evaluate(ParentRunner.java:229)
	at org.springframework.test.context.junit4.statements.RunBeforeTestClassCallbacks.evaluate(RunBeforeTestClassCallbacks.java:61)
	at org.springframework.test.context.junit4.statements.RunAfterTestClassCallbacks.evaluate(RunAfterTestClassCallbacks.java:71)
	at org.junit.runners.ParentRunner.run(ParentRunner.java:309)
	at org.springframework.test.context.junit4.SpringJUnit4ClassRunner.run(SpringJUnit4ClassRunner.java:176)
	at org.gradle.api.internal.tasks.testing.junit.JUnitTestClassExecuter.runTestClass(JUnitTestClassExecuter.java:86)
	at org.gradle.api.internal.tasks.testing.junit.JUnitTestClassExecuter.execute(JUnitTestClassExecuter.java:49)
	at org.gradle.api.internal.tasks.testing.junit.JUnitTestClassProcessor.processTestClass(JUnitTestClassProcessor.java:64)
	at org.gradle.api.internal.tasks.testing.SuiteTestClassProcessor.processTestClass(SuiteTestClassProcessor.java:50)
	at sun.reflect.NativeMethodAccessorImpl.invoke0(Native Method)
	at sun.reflect.NativeMethodAccessorImpl.invoke(NativeMethodAccessorImpl.java:57)
	at sun.reflect.DelegatingMethodAccessorImpl.invoke(DelegatingMethodAccessorImpl.java:43)
	at java.lang.reflect.Method.invoke(Method.java:606)
	at org.gradle.messaging.dispatch.ReflectionDispatch.dispatch(ReflectionDispatch.java:35)
	at org.gradle.messaging.dispatch.ReflectionDispatch.dispatch(ReflectionDispatch.java:24)
	at org.gradle.messaging.dispatch.ContextClassLoaderDispatch.dispatch(ContextClassLoaderDispatch.java:32)
	at org.gradle.messaging.dispatch.ProxyDispatchAdapter$DispatchingInvocationHandler.invoke(ProxyDispatchAdapter.java:93)
	at com.sun.proxy.$Proxy2.processTestClass(Unknown Source)
	at org.gradle.api.internal.tasks.testing.worker.TestWorker.processTestClass(TestWorker.java:106)
	at sun.reflect.NativeMethodAccessorImpl.invoke0(Native Method)
	at sun.reflect.NativeMethodAccessorImpl.invoke(NativeMethodAccessorImpl.java:57)
	at sun.reflect.DelegatingMethodAccessorImpl.invoke(DelegatingMethodAccessorImpl.java:43)
	at java.lang.reflect.Method.invoke(Method.java:606)
	at org.gradle.messaging.dispatch.ReflectionDispatch.dispatch(ReflectionDispatch.java:35)
	at org.gradle.messaging.dispatch.ReflectionDispatch.dispatch(ReflectionDispatch.java:24)
	at org.gradle.messaging.remote.internal.hub.MessageHub$Handler.run(MessageHub.java:360)
	at org.gradle.internal.concurrent.DefaultExecutorFactory$StoppableExecutorImpl$1.run(DefaultExecutorFactory.java:64)
	at java.util.concurrent.ThreadPoolExecutor.runWorker(ThreadPoolExecutor.java:1145)
	at java.util.concurrent.ThreadPoolExecutor$Worker.run(ThreadPoolExecutor.java:615)
	at java.lang.Thread.run(Thread.java:745)
]]></system-err>
</testsuite>
